

Started GET "/" for 127.0.0.1 at 2015-09-10 12:15:21 +0800
Processing by Rails::WelcomeController#index as HTML
  Rendered /var/lib/gems/2.1.0/gems/railties-4.2.4/lib/rails/templates/rails/welcome/index.html.erb (1.2ms)
Completed 200 OK in 39ms (Views: 32.3ms | ActiveRecord: 0.0ms)


Started GET "/" for 127.0.0.1 at 2015-09-10 12:20:31 +0800
Processing by Rails::WelcomeController#index as HTML
  Rendered /var/lib/gems/2.1.0/gems/railties-4.2.4/lib/rails/templates/rails/welcome/index.html.erb (1.2ms)
Completed 200 OK in 11ms (Views: 5.0ms | ActiveRecord: 0.0ms)


Started GET "/" for 127.0.0.1 at 2015-09-10 12:21:07 +0800
Processing by IndexController#index as HTML
  Rendered index/index.html.erb within layouts/application (0.2ms)
Completed 200 OK in 700ms (Views: 699.3ms | ActiveRecord: 0.0ms)


Started GET "/assets/index.self-e3b0c44298fc1c149afbf4c8996fb92427ae41e4649b934ca495991b7852b855.css?body=1" for 127.0.0.1 at 2015-09-10 12:21:08 +0800


Started GET "/assets/application.self-e80e8f2318043e8af94dddc2adad5a4f09739a8ebb323b3ab31cd71d45fd9113.css?body=1" for 127.0.0.1 at 2015-09-10 12:21:08 +0800


Started GET "/assets/application.self-3b8dabdc891efe46b9a144b400ad69e37d7e5876bdc39dee783419a69d7ca819.js?body=1" for 127.0.0.1 at 2015-09-10 12:21:08 +0800


Started GET "/assets/jquery.self-a714331225dda820228db323939889f149aec0127aeb06255646b616ba1ca419.js?body=1" for 127.0.0.1 at 2015-09-10 12:21:08 +0800


Started GET "/assets/index.self-877aef30ae1b040ab8a3aba4e3e309a11d7f2612f44dde450b5c157aa5f95c05.js?body=1" for 127.0.0.1 at 2015-09-10 12:21:08 +0800


Started GET "/assets/turbolinks.self-c37727e9bd6b2735da5c311aa83fead54ed0be6cc8bd9a65309e9c5abe2cbfff.js?body=1" for 127.0.0.1 at 2015-09-10 12:21:08 +0800


Started GET "/assets/jquery_ujs.self-d456baa54c1fa6be2ec3711f0a72ddf7a5b2f34a6b4f515f33767d6207b7d4b3.js?body=1" for 127.0.0.1 at 2015-09-10 12:21:08 +0800


Started GET "/posts/new" for 127.0.0.1 at 2015-09-10 12:22:57 +0800

ActionController::RoutingError (uninitialized constant PostsController):
  activesupport (4.2.4) lib/active_support/inflector/methods.rb:261:in `const_get'
  activesupport (4.2.4) lib/active_support/inflector/methods.rb:261:in `block in constantize'
  activesupport (4.2.4) lib/active_support/inflector/methods.rb:259:in `each'
  activesupport (4.2.4) lib/active_support/inflector/methods.rb:259:in `inject'
  activesupport (4.2.4) lib/active_support/inflector/methods.rb:259:in `constantize'
  actionpack (4.2.4) lib/action_dispatch/routing/route_set.rb:72:in `controller_reference'
  actionpack (4.2.4) lib/action_dispatch/routing/route_set.rb:62:in `controller'
  actionpack (4.2.4) lib/action_dispatch/routing/route_set.rb:41:in `serve'
  actionpack (4.2.4) lib/action_dispatch/journey/router.rb:43:in `block in serve'
  actionpack (4.2.4) lib/action_dispatch/journey/router.rb:30:in `each'
  actionpack (4.2.4) lib/action_dispatch/journey/router.rb:30:in `serve'
  actionpack (4.2.4) lib/action_dispatch/routing/route_set.rb:821:in `call'
  rack (1.6.4) lib/rack/etag.rb:24:in `call'
  rack (1.6.4) lib/rack/conditionalget.rb:25:in `call'
  rack (1.6.4) lib/rack/head.rb:13:in `call'
  actionpack (4.2.4) lib/action_dispatch/middleware/params_parser.rb:27:in `call'
  actionpack (4.2.4) lib/action_dispatch/middleware/flash.rb:260:in `call'
  rack (1.6.4) lib/rack/session/abstract/id.rb:225:in `context'
  rack (1.6.4) lib/rack/session/abstract/id.rb:220:in `call'
  actionpack (4.2.4) lib/action_dispatch/middleware/cookies.rb:560:in `call'
  activerecord (4.2.4) lib/active_record/query_cache.rb:36:in `call'
  activerecord (4.2.4) lib/active_record/connection_adapters/abstract/connection_pool.rb:653:in `call'
  activerecord (4.2.4) lib/active_record/migration.rb:377:in `call'
  actionpack (4.2.4) lib/action_dispatch/middleware/callbacks.rb:29:in `block in call'
  activesupport (4.2.4) lib/active_support/callbacks.rb:88:in `__run_callbacks__'
  activesupport (4.2.4) lib/active_support/callbacks.rb:778:in `_run_call_callbacks'
  activesupport (4.2.4) lib/active_support/callbacks.rb:81:in `run_callbacks'
  actionpack (4.2.4) lib/action_dispatch/middleware/callbacks.rb:27:in `call'
  actionpack (4.2.4) lib/action_dispatch/middleware/reloader.rb:73:in `call'
  actionpack (4.2.4) lib/action_dispatch/middleware/remote_ip.rb:78:in `call'
  actionpack (4.2.4) lib/action_dispatch/middleware/debug_exceptions.rb:17:in `call'
  web-console (2.2.1) lib/web_console/middleware.rb:39:in `call'
  actionpack (4.2.4) lib/action_dispatch/middleware/show_exceptions.rb:30:in `call'
  railties (4.2.4) lib/rails/rack/logger.rb:38:in `call_app'
  railties (4.2.4) lib/rails/rack/logger.rb:20:in `block in call'
  activesupport (4.2.4) lib/active_support/tagged_logging.rb:68:in `block in tagged'
  activesupport (4.2.4) lib/active_support/tagged_logging.rb:26:in `tagged'
  activesupport (4.2.4) lib/active_support/tagged_logging.rb:68:in `tagged'
  railties (4.2.4) lib/rails/rack/logger.rb:20:in `call'
  actionpack (4.2.4) lib/action_dispatch/middleware/request_id.rb:21:in `call'
  rack (1.6.4) lib/rack/methodoverride.rb:22:in `call'
  rack (1.6.4) lib/rack/runtime.rb:18:in `call'
  activesupport (4.2.4) lib/active_support/cache/strategy/local_cache_middleware.rb:28:in `call'
  rack (1.6.4) lib/rack/lock.rb:17:in `call'
  actionpack (4.2.4) lib/action_dispatch/middleware/static.rb:116:in `call'
  rack (1.6.4) lib/rack/sendfile.rb:113:in `call'
  railties (4.2.4) lib/rails/engine.rb:518:in `call'
  railties (4.2.4) lib/rails/application.rb:165:in `call'
  rack (1.6.4) lib/rack/lock.rb:17:in `call'
  rack (1.6.4) lib/rack/content_length.rb:15:in `call'
  rack (1.6.4) lib/rack/handler/webrick.rb:88:in `service'
  /usr/lib/ruby/2.1.0/webrick/httpserver.rb:138:in `service'
  /usr/lib/ruby/2.1.0/webrick/httpserver.rb:94:in `run'
  /usr/lib/ruby/2.1.0/webrick/server.rb:295:in `block in start_thread'


  Rendered /var/lib/gems/2.1.0/gems/actionpack-4.2.4/lib/action_dispatch/middleware/templates/rescues/_trace.html.erb (1.8ms)
  Rendered /var/lib/gems/2.1.0/gems/actionpack-4.2.4/lib/action_dispatch/middleware/templates/routes/_route.html.erb (0.8ms)
  Rendered /var/lib/gems/2.1.0/gems/actionpack-4.2.4/lib/action_dispatch/middleware/templates/routes/_table.html.erb (6.3ms)
  Rendered /var/lib/gems/2.1.0/gems/actionpack-4.2.4/lib/action_dispatch/middleware/templates/rescues/_request_and_response.html.erb (1.0ms)
  Rendered /var/lib/gems/2.1.0/gems/actionpack-4.2.4/lib/action_dispatch/middleware/templates/rescues/routing_error.html.erb within rescues/layout (26.6ms)
  Rendered /var/lib/gems/2.1.0/gems/web-console-2.2.1/lib/web_console/templates/_markup.html.erb (0.2ms)
  Rendered /var/lib/gems/2.1.0/gems/web-console-2.2.1/lib/web_console/templates/_inner_console_markup.html.erb within layouts/inlined_string (0.3ms)
  Rendered /var/lib/gems/2.1.0/gems/web-console-2.2.1/lib/web_console/templates/_prompt_box_markup.html.erb within layouts/inlined_string (0.2ms)
  Rendered /var/lib/gems/2.1.0/gems/web-console-2.2.1/lib/web_console/templates/style.css.erb within layouts/inlined_string (0.2ms)
  Rendered /var/lib/gems/2.1.0/gems/web-console-2.2.1/lib/web_console/templates/console.js.erb within layouts/javascript (11.0ms)
  Rendered /var/lib/gems/2.1.0/gems/web-console-2.2.1/lib/web_console/templates/main.js.erb within layouts/javascript (0.2ms)
  Rendered /var/lib/gems/2.1.0/gems/web-console-2.2.1/lib/web_console/templates/error_page.js.erb within layouts/javascript (0.3ms)
  Rendered /var/lib/gems/2.1.0/gems/web-console-2.2.1/lib/web_console/templates/index.html.erb (22.0ms)


Started GET "/post/new" for 127.0.0.1 at 2015-09-10 12:23:03 +0800

ActionController::RoutingError (No route matches [GET] "/post/new"):
  actionpack (4.2.4) lib/action_dispatch/middleware/debug_exceptions.rb:21:in `call'
  web-console (2.2.1) lib/web_console/middleware.rb:39:in `call'
  actionpack (4.2.4) lib/action_dispatch/middleware/show_exceptions.rb:30:in `call'
  railties (4.2.4) lib/rails/rack/logger.rb:38:in `call_app'
  railties (4.2.4) lib/rails/rack/logger.rb:20:in `block in call'
  activesupport (4.2.4) lib/active_support/tagged_logging.rb:68:in `block in tagged'
  activesupport (4.2.4) lib/active_support/tagged_logging.rb:26:in `tagged'
  activesupport (4.2.4) lib/active_support/tagged_logging.rb:68:in `tagged'
  railties (4.2.4) lib/rails/rack/logger.rb:20:in `call'
  actionpack (4.2.4) lib/action_dispatch/middleware/request_id.rb:21:in `call'
  rack (1.6.4) lib/rack/methodoverride.rb:22:in `call'
  rack (1.6.4) lib/rack/runtime.rb:18:in `call'
  activesupport (4.2.4) lib/active_support/cache/strategy/local_cache_middleware.rb:28:in `call'
  rack (1.6.4) lib/rack/lock.rb:17:in `call'
  actionpack (4.2.4) lib/action_dispatch/middleware/static.rb:116:in `call'
  rack (1.6.4) lib/rack/sendfile.rb:113:in `call'
  railties (4.2.4) lib/rails/engine.rb:518:in `call'
  railties (4.2.4) lib/rails/application.rb:165:in `call'
  rack (1.6.4) lib/rack/lock.rb:17:in `call'
  rack (1.6.4) lib/rack/content_length.rb:15:in `call'
  rack (1.6.4) lib/rack/handler/webrick.rb:88:in `service'
  /usr/lib/ruby/2.1.0/webrick/httpserver.rb:138:in `service'
  /usr/lib/ruby/2.1.0/webrick/httpserver.rb:94:in `run'
  /usr/lib/ruby/2.1.0/webrick/server.rb:295:in `block in start_thread'


  Rendered /var/lib/gems/2.1.0/gems/actionpack-4.2.4/lib/action_dispatch/middleware/templates/rescues/_trace.html.erb (1.0ms)
  Rendered /var/lib/gems/2.1.0/gems/actionpack-4.2.4/lib/action_dispatch/middleware/templates/routes/_route.html.erb (0.9ms)
  Rendered /var/lib/gems/2.1.0/gems/actionpack-4.2.4/lib/action_dispatch/middleware/templates/routes/_table.html.erb (1.1ms)
  Rendered /var/lib/gems/2.1.0/gems/actionpack-4.2.4/lib/action_dispatch/middleware/templates/rescues/_request_and_response.html.erb (1.0ms)
  Rendered /var/lib/gems/2.1.0/gems/actionpack-4.2.4/lib/action_dispatch/middleware/templates/rescues/routing_error.html.erb within rescues/layout (17.7ms)
  Rendered /var/lib/gems/2.1.0/gems/web-console-2.2.1/lib/web_console/templates/_markup.html.erb (0.3ms)
  Rendered /var/lib/gems/2.1.0/gems/web-console-2.2.1/lib/web_console/templates/_inner_console_markup.html.erb within layouts/inlined_string (0.3ms)
  Rendered /var/lib/gems/2.1.0/gems/web-console-2.2.1/lib/web_console/templates/_prompt_box_markup.html.erb within layouts/inlined_string (0.2ms)
  Rendered /var/lib/gems/2.1.0/gems/web-console-2.2.1/lib/web_console/templates/style.css.erb within layouts/inlined_string (0.2ms)
  Rendered /var/lib/gems/2.1.0/gems/web-console-2.2.1/lib/web_console/templates/console.js.erb within layouts/javascript (10.6ms)
  Rendered /var/lib/gems/2.1.0/gems/web-console-2.2.1/lib/web_console/templates/main.js.erb within layouts/javascript (0.2ms)
  Rendered /var/lib/gems/2.1.0/gems/web-console-2.2.1/lib/web_console/templates/error_page.js.erb within layouts/javascript (0.3ms)
  Rendered /var/lib/gems/2.1.0/gems/web-console-2.2.1/lib/web_console/templates/index.html.erb (21.1ms)


Started GET "/post/new" for 127.0.0.1 at 2015-09-10 12:26:11 +0800

ActionController::RoutingError (No route matches [GET] "/post/new"):
  actionpack (4.2.4) lib/action_dispatch/middleware/debug_exceptions.rb:21:in `call'
  web-console (2.2.1) lib/web_console/middleware.rb:39:in `call'
  actionpack (4.2.4) lib/action_dispatch/middleware/show_exceptions.rb:30:in `call'
  railties (4.2.4) lib/rails/rack/logger.rb:38:in `call_app'
  railties (4.2.4) lib/rails/rack/logger.rb:20:in `block in call'
  activesupport (4.2.4) lib/active_support/tagged_logging.rb:68:in `block in tagged'
  activesupport (4.2.4) lib/active_support/tagged_logging.rb:26:in `tagged'
  activesupport (4.2.4) lib/active_support/tagged_logging.rb:68:in `tagged'
  railties (4.2.4) lib/rails/rack/logger.rb:20:in `call'
  actionpack (4.2.4) lib/action_dispatch/middleware/request_id.rb:21:in `call'
  rack (1.6.4) lib/rack/methodoverride.rb:22:in `call'
  rack (1.6.4) lib/rack/runtime.rb:18:in `call'
  activesupport (4.2.4) lib/active_support/cache/strategy/local_cache_middleware.rb:28:in `call'
  rack (1.6.4) lib/rack/lock.rb:17:in `call'
  actionpack (4.2.4) lib/action_dispatch/middleware/static.rb:116:in `call'
  rack (1.6.4) lib/rack/sendfile.rb:113:in `call'
  railties (4.2.4) lib/rails/engine.rb:518:in `call'
  railties (4.2.4) lib/rails/application.rb:165:in `call'
  rack (1.6.4) lib/rack/lock.rb:17:in `call'
  rack (1.6.4) lib/rack/content_length.rb:15:in `call'
  rack (1.6.4) lib/rack/handler/webrick.rb:88:in `service'
  /usr/lib/ruby/2.1.0/webrick/httpserver.rb:138:in `service'
  /usr/lib/ruby/2.1.0/webrick/httpserver.rb:94:in `run'
  /usr/lib/ruby/2.1.0/webrick/server.rb:295:in `block in start_thread'


  Rendered /var/lib/gems/2.1.0/gems/actionpack-4.2.4/lib/action_dispatch/middleware/templates/rescues/_trace.html.erb (1.0ms)
  Rendered /var/lib/gems/2.1.0/gems/actionpack-4.2.4/lib/action_dispatch/middleware/templates/routes/_route.html.erb (0.7ms)
  Rendered /var/lib/gems/2.1.0/gems/actionpack-4.2.4/lib/action_dispatch/middleware/templates/routes/_table.html.erb (1.0ms)
  Rendered /var/lib/gems/2.1.0/gems/actionpack-4.2.4/lib/action_dispatch/middleware/templates/rescues/_request_and_response.html.erb (1.0ms)
  Rendered /var/lib/gems/2.1.0/gems/actionpack-4.2.4/lib/action_dispatch/middleware/templates/rescues/routing_error.html.erb within rescues/layout (16.0ms)
  Rendered /var/lib/gems/2.1.0/gems/web-console-2.2.1/lib/web_console/templates/_markup.html.erb (0.3ms)
  Rendered /var/lib/gems/2.1.0/gems/web-console-2.2.1/lib/web_console/templates/_inner_console_markup.html.erb within layouts/inlined_string (0.2ms)
  Rendered /var/lib/gems/2.1.0/gems/web-console-2.2.1/lib/web_console/templates/_prompt_box_markup.html.erb within layouts/inlined_string (0.2ms)
  Rendered /var/lib/gems/2.1.0/gems/web-console-2.2.1/lib/web_console/templates/style.css.erb within layouts/inlined_string (0.4ms)
  Rendered /var/lib/gems/2.1.0/gems/web-console-2.2.1/lib/web_console/templates/console.js.erb within layouts/javascript (10.1ms)
  Rendered /var/lib/gems/2.1.0/gems/web-console-2.2.1/lib/web_console/templates/main.js.erb within layouts/javascript (0.3ms)
  Rendered /var/lib/gems/2.1.0/gems/web-console-2.2.1/lib/web_console/templates/error_page.js.erb within layouts/javascript (0.3ms)
  Rendered /var/lib/gems/2.1.0/gems/web-console-2.2.1/lib/web_console/templates/index.html.erb (21.2ms)


Started GET "/post/new" for 127.0.0.1 at 2015-09-10 12:26:33 +0800

ActionController::RoutingError (No route matches [GET] "/post/new"):
  actionpack (4.2.4) lib/action_dispatch/middleware/debug_exceptions.rb:21:in `call'
  web-console (2.2.1) lib/web_console/middleware.rb:39:in `call'
  actionpack (4.2.4) lib/action_dispatch/middleware/show_exceptions.rb:30:in `call'
  railties (4.2.4) lib/rails/rack/logger.rb:38:in `call_app'
  railties (4.2.4) lib/rails/rack/logger.rb:20:in `block in call'
  activesupport (4.2.4) lib/active_support/tagged_logging.rb:68:in `block in tagged'
  activesupport (4.2.4) lib/active_support/tagged_logging.rb:26:in `tagged'
  activesupport (4.2.4) lib/active_support/tagged_logging.rb:68:in `tagged'
  railties (4.2.4) lib/rails/rack/logger.rb:20:in `call'
  actionpack (4.2.4) lib/action_dispatch/middleware/request_id.rb:21:in `call'
  rack (1.6.4) lib/rack/methodoverride.rb:22:in `call'
  rack (1.6.4) lib/rack/runtime.rb:18:in `call'
  activesupport (4.2.4) lib/active_support/cache/strategy/local_cache_middleware.rb:28:in `call'
  rack (1.6.4) lib/rack/lock.rb:17:in `call'
  actionpack (4.2.4) lib/action_dispatch/middleware/static.rb:116:in `call'
  rack (1.6.4) lib/rack/sendfile.rb:113:in `call'
  railties (4.2.4) lib/rails/engine.rb:518:in `call'
  railties (4.2.4) lib/rails/application.rb:165:in `call'
  rack (1.6.4) lib/rack/lock.rb:17:in `call'
  rack (1.6.4) lib/rack/content_length.rb:15:in `call'
  rack (1.6.4) lib/rack/handler/webrick.rb:88:in `service'
  /usr/lib/ruby/2.1.0/webrick/httpserver.rb:138:in `service'
  /usr/lib/ruby/2.1.0/webrick/httpserver.rb:94:in `run'
  /usr/lib/ruby/2.1.0/webrick/server.rb:295:in `block in start_thread'


  Rendered /var/lib/gems/2.1.0/gems/actionpack-4.2.4/lib/action_dispatch/middleware/templates/rescues/_trace.html.erb (1.0ms)
  Rendered /var/lib/gems/2.1.0/gems/actionpack-4.2.4/lib/action_dispatch/middleware/templates/routes/_route.html.erb (0.8ms)
  Rendered /var/lib/gems/2.1.0/gems/actionpack-4.2.4/lib/action_dispatch/middleware/templates/routes/_table.html.erb (4.8ms)
  Rendered /var/lib/gems/2.1.0/gems/actionpack-4.2.4/lib/action_dispatch/middleware/templates/rescues/_request_and_response.html.erb (8.4ms)
  Rendered /var/lib/gems/2.1.0/gems/actionpack-4.2.4/lib/action_dispatch/middleware/templates/rescues/routing_error.html.erb within rescues/layout (29.1ms)
  Rendered /var/lib/gems/2.1.0/gems/web-console-2.2.1/lib/web_console/templates/_markup.html.erb (0.2ms)
  Rendered /var/lib/gems/2.1.0/gems/web-console-2.2.1/lib/web_console/templates/_inner_console_markup.html.erb within layouts/inlined_string (0.2ms)
  Rendered /var/lib/gems/2.1.0/gems/web-console-2.2.1/lib/web_console/templates/_prompt_box_markup.html.erb within layouts/inlined_string (0.2ms)
  Rendered /var/lib/gems/2.1.0/gems/web-console-2.2.1/lib/web_console/templates/style.css.erb within layouts/inlined_string (0.3ms)
  Rendered /var/lib/gems/2.1.0/gems/web-console-2.2.1/lib/web_console/templates/console.js.erb within layouts/javascript (9.5ms)
  Rendered /var/lib/gems/2.1.0/gems/web-console-2.2.1/lib/web_console/templates/main.js.erb within layouts/javascript (0.4ms)
  Rendered /var/lib/gems/2.1.0/gems/web-console-2.2.1/lib/web_console/templates/error_page.js.erb within layouts/javascript (0.3ms)
  Rendered /var/lib/gems/2.1.0/gems/web-console-2.2.1/lib/web_console/templates/index.html.erb (20.2ms)


Started GET "/posts/new" for 127.0.0.1 at 2015-09-10 12:27:01 +0800
Processing by PostsController#new as HTML
Completed 500 Internal Server Error in 3ms (ActiveRecord: 0.0ms)

ActionView::MissingTemplate (Missing template posts/new, application/new with {:locale=>[:en], :formats=>[:html], :variants=>[], :handlers=>[:erb, :builder, :raw, :ruby, :coffee, :jbuilder]}. Searched in:
  * "/home/kzk/MyPrograms/Website/gensokyo/app/views"
):
  actionview (4.2.4) lib/action_view/path_set.rb:46:in `find'
  actionview (4.2.4) lib/action_view/lookup_context.rb:121:in `find'
  actionview (4.2.4) lib/action_view/renderer/abstract_renderer.rb:18:in `find_template'
  actionview (4.2.4) lib/action_view/renderer/template_renderer.rb:40:in `determine_template'
  actionview (4.2.4) lib/action_view/renderer/template_renderer.rb:8:in `render'
  actionview (4.2.4) lib/action_view/renderer/renderer.rb:42:in `render_template'
  actionview (4.2.4) lib/action_view/renderer/renderer.rb:23:in `render'
  actionview (4.2.4) lib/action_view/rendering.rb:100:in `_render_template'
  actionpack (4.2.4) lib/action_controller/metal/streaming.rb:217:in `_render_template'
  actionview (4.2.4) lib/action_view/rendering.rb:83:in `render_to_body'
  actionpack (4.2.4) lib/action_controller/metal/rendering.rb:32:in `render_to_body'
  actionpack (4.2.4) lib/action_controller/metal/renderers.rb:37:in `render_to_body'
  actionpack (4.2.4) lib/abstract_controller/rendering.rb:25:in `render'
  actionpack (4.2.4) lib/action_controller/metal/rendering.rb:16:in `render'
  actionpack (4.2.4) lib/action_controller/metal/instrumentation.rb:44:in `block (2 levels) in render'
  activesupport (4.2.4) lib/active_support/core_ext/benchmark.rb:12:in `block in ms'
  /usr/lib/ruby/2.1.0/benchmark.rb:294:in `realtime'
  activesupport (4.2.4) lib/active_support/core_ext/benchmark.rb:12:in `ms'
  actionpack (4.2.4) lib/action_controller/metal/instrumentation.rb:44:in `block in render'
  actionpack (4.2.4) lib/action_controller/metal/instrumentation.rb:87:in `cleanup_view_runtime'
  activerecord (4.2.4) lib/active_record/railties/controller_runtime.rb:25:in `cleanup_view_runtime'
  actionpack (4.2.4) lib/action_controller/metal/instrumentation.rb:43:in `render'
  actionpack (4.2.4) lib/action_controller/metal/implicit_render.rb:10:in `default_render'
  actionpack (4.2.4) lib/action_controller/metal/implicit_render.rb:5:in `send_action'
  actionpack (4.2.4) lib/abstract_controller/base.rb:198:in `process_action'
  actionpack (4.2.4) lib/action_controller/metal/rendering.rb:10:in `process_action'
  actionpack (4.2.4) lib/abstract_controller/callbacks.rb:20:in `block in process_action'
  activesupport (4.2.4) lib/active_support/callbacks.rb:117:in `call'
  activesupport (4.2.4) lib/active_support/callbacks.rb:117:in `call'
  activesupport (4.2.4) lib/active_support/callbacks.rb:555:in `block (2 levels) in compile'
  activesupport (4.2.4) lib/active_support/callbacks.rb:505:in `call'
  activesupport (4.2.4) lib/active_support/callbacks.rb:505:in `call'
  activesupport (4.2.4) lib/active_support/callbacks.rb:92:in `__run_callbacks__'
  activesupport (4.2.4) lib/active_support/callbacks.rb:778:in `_run_process_action_callbacks'
  activesupport (4.2.4) lib/active_support/callbacks.rb:81:in `run_callbacks'
  actionpack (4.2.4) lib/abstract_controller/callbacks.rb:19:in `process_action'
  actionpack (4.2.4) lib/action_controller/metal/rescue.rb:29:in `process_action'
  actionpack (4.2.4) lib/action_controller/metal/instrumentation.rb:32:in `block in process_action'
  activesupport (4.2.4) lib/active_support/notifications.rb:164:in `block in instrument'
  activesupport (4.2.4) lib/active_support/notifications/instrumenter.rb:20:in `instrument'
  activesupport (4.2.4) lib/active_support/notifications.rb:164:in `instrument'
  actionpack (4.2.4) lib/action_controller/metal/instrumentation.rb:30:in `process_action'
  actionpack (4.2.4) lib/action_controller/metal/params_wrapper.rb:250:in `process_action'
  activerecord (4.2.4) lib/active_record/railties/controller_runtime.rb:18:in `process_action'
  actionpack (4.2.4) lib/abstract_controller/base.rb:137:in `process'
  actionview (4.2.4) lib/action_view/rendering.rb:30:in `process'
  actionpack (4.2.4) lib/action_controller/metal.rb:196:in `dispatch'
  actionpack (4.2.4) lib/action_controller/metal/rack_delegation.rb:13:in `dispatch'
  actionpack (4.2.4) lib/action_controller/metal.rb:237:in `block in action'
  actionpack (4.2.4) lib/action_dispatch/routing/route_set.rb:76:in `call'
  actionpack (4.2.4) lib/action_dispatch/routing/route_set.rb:76:in `dispatch'
  actionpack (4.2.4) lib/action_dispatch/routing/route_set.rb:45:in `serve'
  actionpack (4.2.4) lib/action_dispatch/journey/router.rb:43:in `block in serve'
  actionpack (4.2.4) lib/action_dispatch/journey/router.rb:30:in `each'
  actionpack (4.2.4) lib/action_dispatch/journey/router.rb:30:in `serve'
  actionpack (4.2.4) lib/action_dispatch/routing/route_set.rb:821:in `call'
  rack (1.6.4) lib/rack/etag.rb:24:in `call'
  rack (1.6.4) lib/rack/conditionalget.rb:25:in `call'
  rack (1.6.4) lib/rack/head.rb:13:in `call'
  actionpack (4.2.4) lib/action_dispatch/middleware/params_parser.rb:27:in `call'
  actionpack (4.2.4) lib/action_dispatch/middleware/flash.rb:260:in `call'
  rack (1.6.4) lib/rack/session/abstract/id.rb:225:in `context'
  rack (1.6.4) lib/rack/session/abstract/id.rb:220:in `call'
  actionpack (4.2.4) lib/action_dispatch/middleware/cookies.rb:560:in `call'
  activerecord (4.2.4) lib/active_record/query_cache.rb:36:in `call'
  activerecord (4.2.4) lib/active_record/connection_adapters/abstract/connection_pool.rb:653:in `call'
  activerecord (4.2.4) lib/active_record/migration.rb:377:in `call'
  actionpack (4.2.4) lib/action_dispatch/middleware/callbacks.rb:29:in `block in call'
  activesupport (4.2.4) lib/active_support/callbacks.rb:88:in `__run_callbacks__'
  activesupport (4.2.4) lib/active_support/callbacks.rb:778:in `_run_call_callbacks'
  activesupport (4.2.4) lib/active_support/callbacks.rb:81:in `run_callbacks'
  actionpack (4.2.4) lib/action_dispatch/middleware/callbacks.rb:27:in `call'
  actionpack (4.2.4) lib/action_dispatch/middleware/reloader.rb:73:in `call'
  actionpack (4.2.4) lib/action_dispatch/middleware/remote_ip.rb:78:in `call'
  actionpack (4.2.4) lib/action_dispatch/middleware/debug_exceptions.rb:17:in `call'
  web-console (2.2.1) lib/web_console/middleware.rb:39:in `call'
  actionpack (4.2.4) lib/action_dispatch/middleware/show_exceptions.rb:30:in `call'
  railties (4.2.4) lib/rails/rack/logger.rb:38:in `call_app'
  railties (4.2.4) lib/rails/rack/logger.rb:20:in `block in call'
  activesupport (4.2.4) lib/active_support/tagged_logging.rb:68:in `block in tagged'
  activesupport (4.2.4) lib/active_support/tagged_logging.rb:26:in `tagged'
  activesupport (4.2.4) lib/active_support/tagged_logging.rb:68:in `tagged'
  railties (4.2.4) lib/rails/rack/logger.rb:20:in `call'
  actionpack (4.2.4) lib/action_dispatch/middleware/request_id.rb:21:in `call'
  rack (1.6.4) lib/rack/methodoverride.rb:22:in `call'
  rack (1.6.4) lib/rack/runtime.rb:18:in `call'
  activesupport (4.2.4) lib/active_support/cache/strategy/local_cache_middleware.rb:28:in `call'
  rack (1.6.4) lib/rack/lock.rb:17:in `call'
  actionpack (4.2.4) lib/action_dispatch/middleware/static.rb:116:in `call'
  rack (1.6.4) lib/rack/sendfile.rb:113:in `call'
  railties (4.2.4) lib/rails/engine.rb:518:in `call'
  railties (4.2.4) lib/rails/application.rb:165:in `call'
  rack (1.6.4) lib/rack/lock.rb:17:in `call'
  rack (1.6.4) lib/rack/content_length.rb:15:in `call'
  rack (1.6.4) lib/rack/handler/webrick.rb:88:in `service'
  /usr/lib/ruby/2.1.0/webrick/httpserver.rb:138:in `service'
  /usr/lib/ruby/2.1.0/webrick/httpserver.rb:94:in `run'
  /usr/lib/ruby/2.1.0/webrick/server.rb:295:in `block in start_thread'


  Rendered /var/lib/gems/2.1.0/gems/actionpack-4.2.4/lib/action_dispatch/middleware/templates/rescues/_source.erb (4.1ms)
  Rendered /var/lib/gems/2.1.0/gems/actionpack-4.2.4/lib/action_dispatch/middleware/templates/rescues/_trace.html.erb (1.9ms)
  Rendered /var/lib/gems/2.1.0/gems/actionpack-4.2.4/lib/action_dispatch/middleware/templates/rescues/_request_and_response.html.erb (0.7ms)
  Rendered /var/lib/gems/2.1.0/gems/actionpack-4.2.4/lib/action_dispatch/middleware/templates/rescues/missing_template.html.erb within rescues/layout (15.4ms)
  Rendered /var/lib/gems/2.1.0/gems/web-console-2.2.1/lib/web_console/templates/_markup.html.erb (0.2ms)
  Rendered /var/lib/gems/2.1.0/gems/web-console-2.2.1/lib/web_console/templates/_inner_console_markup.html.erb within layouts/inlined_string (0.4ms)
  Rendered /var/lib/gems/2.1.0/gems/web-console-2.2.1/lib/web_console/templates/_prompt_box_markup.html.erb within layouts/inlined_string (0.2ms)
  Rendered /var/lib/gems/2.1.0/gems/web-console-2.2.1/lib/web_console/templates/style.css.erb within layouts/inlined_string (0.2ms)
  Rendered /var/lib/gems/2.1.0/gems/web-console-2.2.1/lib/web_console/templates/console.js.erb within layouts/javascript (9.8ms)
  Rendered /var/lib/gems/2.1.0/gems/web-console-2.2.1/lib/web_console/templates/main.js.erb within layouts/javascript (0.3ms)
  Rendered /var/lib/gems/2.1.0/gems/web-console-2.2.1/lib/web_console/templates/error_page.js.erb within layouts/javascript (0.3ms)
  Rendered /var/lib/gems/2.1.0/gems/web-console-2.2.1/lib/web_console/templates/index.html.erb (21.8ms)


Started GET "/posts/new" for 127.0.0.1 at 2015-09-10 12:32:00 +0800
Processing by PostsController#new as HTML
  Rendered posts/new.html.erb within layouts/application (0.4ms)
Completed 200 OK in 198ms (Views: 197.3ms | ActiveRecord: 0.0ms)


Started GET "/assets/index.self-e3b0c44298fc1c149afbf4c8996fb92427ae41e4649b934ca495991b7852b855.css?body=1" for 127.0.0.1 at 2015-09-10 12:32:00 +0800


Started GET "/assets/posts.self-e3b0c44298fc1c149afbf4c8996fb92427ae41e4649b934ca495991b7852b855.css?body=1" for 127.0.0.1 at 2015-09-10 12:32:00 +0800


Started GET "/assets/application.self-e80e8f2318043e8af94dddc2adad5a4f09739a8ebb323b3ab31cd71d45fd9113.css?body=1" for 127.0.0.1 at 2015-09-10 12:32:00 +0800


Started GET "/assets/jquery_ujs.self-d456baa54c1fa6be2ec3711f0a72ddf7a5b2f34a6b4f515f33767d6207b7d4b3.js?body=1" for 127.0.0.1 at 2015-09-10 12:32:00 +0800


Started GET "/assets/turbolinks.self-c37727e9bd6b2735da5c311aa83fead54ed0be6cc8bd9a65309e9c5abe2cbfff.js?body=1" for 127.0.0.1 at 2015-09-10 12:32:00 +0800


Started GET "/assets/application.self-3b8dabdc891efe46b9a144b400ad69e37d7e5876bdc39dee783419a69d7ca819.js?body=1" for 127.0.0.1 at 2015-09-10 12:32:00 +0800


Started GET "/assets/index.self-877aef30ae1b040ab8a3aba4e3e309a11d7f2612f44dde450b5c157aa5f95c05.js?body=1" for 127.0.0.1 at 2015-09-10 12:32:00 +0800


Started GET "/assets/jquery.self-a714331225dda820228db323939889f149aec0127aeb06255646b616ba1ca419.js?body=1" for 127.0.0.1 at 2015-09-10 12:32:00 +0800


Started GET "/assets/posts.self-877aef30ae1b040ab8a3aba4e3e309a11d7f2612f44dde450b5c157aa5f95c05.js?body=1" for 127.0.0.1 at 2015-09-10 12:32:00 +0800


Started GET "/posts/new" for 127.0.0.1 at 2015-09-10 12:32:45 +0800
Processing by PostsController#new as HTML
  Rendered posts/new.html.erb within layouts/application (0.3ms)
Completed 200 OK in 22ms (Views: 21.8ms | ActiveRecord: 0.0ms)


Started GET "/assets/index.self-e3b0c44298fc1c149afbf4c8996fb92427ae41e4649b934ca495991b7852b855.css?body=1" for 127.0.0.1 at 2015-09-10 12:32:45 +0800


Started GET "/assets/posts.self-e3b0c44298fc1c149afbf4c8996fb92427ae41e4649b934ca495991b7852b855.css?body=1" for 127.0.0.1 at 2015-09-10 12:32:45 +0800


Started GET "/assets/application.self-e80e8f2318043e8af94dddc2adad5a4f09739a8ebb323b3ab31cd71d45fd9113.css?body=1" for 127.0.0.1 at 2015-09-10 12:32:45 +0800


Started GET "/assets/jquery.self-a714331225dda820228db323939889f149aec0127aeb06255646b616ba1ca419.js?body=1" for 127.0.0.1 at 2015-09-10 12:32:45 +0800


Started GET "/assets/turbolinks.self-c37727e9bd6b2735da5c311aa83fead54ed0be6cc8bd9a65309e9c5abe2cbfff.js?body=1" for 127.0.0.1 at 2015-09-10 12:32:45 +0800


Started GET "/assets/jquery_ujs.self-d456baa54c1fa6be2ec3711f0a72ddf7a5b2f34a6b4f515f33767d6207b7d4b3.js?body=1" for 127.0.0.1 at 2015-09-10 12:32:45 +0800


Started GET "/assets/posts.self-877aef30ae1b040ab8a3aba4e3e309a11d7f2612f44dde450b5c157aa5f95c05.js?body=1" for 127.0.0.1 at 2015-09-10 12:32:45 +0800


Started GET "/assets/application.self-3b8dabdc891efe46b9a144b400ad69e37d7e5876bdc39dee783419a69d7ca819.js?body=1" for 127.0.0.1 at 2015-09-10 12:32:45 +0800


Started GET "/assets/index.self-877aef30ae1b040ab8a3aba4e3e309a11d7f2612f44dde450b5c157aa5f95c05.js?body=1" for 127.0.0.1 at 2015-09-10 12:32:45 +0800


Started GET "/posts/new" for 127.0.0.1 at 2015-09-10 12:37:59 +0800
Processing by PostsController#new as HTML
  Rendered posts/new.html.erb within layouts/application (0.7ms)
Completed 500 Internal Server Error in 2ms (ActiveRecord: 0.0ms)

SyntaxError (/home/kzk/MyPrograms/Website/gensokyo/app/views/posts/new.html.erb:14: syntax error, unexpected keyword_end
'.freeze;@output_buffer.append=( end );@output_buffer.safe_append='
                                    ^
/home/kzk/MyPrograms/Website/gensokyo/app/views/posts/new.html.erb:16: syntax error, unexpected keyword_ensure, expecting ')'
/home/kzk/MyPrograms/Website/gensokyo/app/views/posts/new.html.erb:18: syntax error, unexpected keyword_end, expecting ')'):
  app/views/posts/new.html.erb:14: syntax error, unexpected keyword_end
  app/views/posts/new.html.erb:16: syntax error, unexpected keyword_ensure, expecting ')'
  app/views/posts/new.html.erb:18: syntax error, unexpected keyword_end, expecting ')'


  Rendered /var/lib/gems/2.1.0/gems/actionpack-4.2.4/lib/action_dispatch/middleware/templates/rescues/_source.erb (4.7ms)
  Rendered /var/lib/gems/2.1.0/gems/actionpack-4.2.4/lib/action_dispatch/middleware/templates/rescues/_trace.html.erb (2.1ms)
  Rendered /var/lib/gems/2.1.0/gems/actionpack-4.2.4/lib/action_dispatch/middleware/templates/rescues/_request_and_response.html.erb (0.7ms)
  Rendered /var/lib/gems/2.1.0/gems/actionpack-4.2.4/lib/action_dispatch/middleware/templates/rescues/diagnostics.html.erb within rescues/layout (15.4ms)
  Rendered /var/lib/gems/2.1.0/gems/web-console-2.2.1/lib/web_console/templates/_markup.html.erb (0.2ms)
  Rendered /var/lib/gems/2.1.0/gems/web-console-2.2.1/lib/web_console/templates/_inner_console_markup.html.erb within layouts/inlined_string (0.4ms)
  Rendered /var/lib/gems/2.1.0/gems/web-console-2.2.1/lib/web_console/templates/_prompt_box_markup.html.erb within layouts/inlined_string (0.3ms)
  Rendered /var/lib/gems/2.1.0/gems/web-console-2.2.1/lib/web_console/templates/style.css.erb within layouts/inlined_string (0.3ms)
  Rendered /var/lib/gems/2.1.0/gems/web-console-2.2.1/lib/web_console/templates/console.js.erb within layouts/javascript (10.3ms)
  Rendered /var/lib/gems/2.1.0/gems/web-console-2.2.1/lib/web_console/templates/main.js.erb within layouts/javascript (0.3ms)
  Rendered /var/lib/gems/2.1.0/gems/web-console-2.2.1/lib/web_console/templates/error_page.js.erb within layouts/javascript (0.4ms)
  Rendered /var/lib/gems/2.1.0/gems/web-console-2.2.1/lib/web_console/templates/index.html.erb (21.0ms)


Started GET "/posts/new" for 127.0.0.1 at 2015-09-10 12:38:19 +0800
Processing by PostsController#new as HTML
  Rendered posts/new.html.erb within layouts/application (6.4ms)
Completed 200 OK in 29ms (Views: 28.6ms | ActiveRecord: 0.0ms)


Started GET "/assets/posts.self-e3b0c44298fc1c149afbf4c8996fb92427ae41e4649b934ca495991b7852b855.css?body=1" for 127.0.0.1 at 2015-09-10 12:38:19 +0800


Started GET "/assets/jquery.self-a714331225dda820228db323939889f149aec0127aeb06255646b616ba1ca419.js?body=1" for 127.0.0.1 at 2015-09-10 12:38:19 +0800


Started GET "/assets/jquery_ujs.self-d456baa54c1fa6be2ec3711f0a72ddf7a5b2f34a6b4f515f33767d6207b7d4b3.js?body=1" for 127.0.0.1 at 2015-09-10 12:38:19 +0800


Started GET "/assets/application.self-e80e8f2318043e8af94dddc2adad5a4f09739a8ebb323b3ab31cd71d45fd9113.css?body=1" for 127.0.0.1 at 2015-09-10 12:38:19 +0800


Started GET "/assets/index.self-e3b0c44298fc1c149afbf4c8996fb92427ae41e4649b934ca495991b7852b855.css?body=1" for 127.0.0.1 at 2015-09-10 12:38:19 +0800


Started GET "/assets/posts.self-877aef30ae1b040ab8a3aba4e3e309a11d7f2612f44dde450b5c157aa5f95c05.js?body=1" for 127.0.0.1 at 2015-09-10 12:38:19 +0800


Started GET "/assets/index.self-877aef30ae1b040ab8a3aba4e3e309a11d7f2612f44dde450b5c157aa5f95c05.js?body=1" for 127.0.0.1 at 2015-09-10 12:38:19 +0800


Started GET "/assets/turbolinks.self-c37727e9bd6b2735da5c311aa83fead54ed0be6cc8bd9a65309e9c5abe2cbfff.js?body=1" for 127.0.0.1 at 2015-09-10 12:38:19 +0800


Started GET "/assets/application.self-3b8dabdc891efe46b9a144b400ad69e37d7e5876bdc39dee783419a69d7ca819.js?body=1" for 127.0.0.1 at 2015-09-10 12:38:19 +0800


Started GET "/posts/new" for 127.0.0.1 at 2015-09-10 12:39:15 +0800
Processing by PostsController#new as HTML
  Rendered posts/new.html.erb within layouts/application (2.0ms)
Completed 200 OK in 28ms (Views: 26.6ms | ActiveRecord: 0.0ms)


Started GET "/assets/posts.self-e3b0c44298fc1c149afbf4c8996fb92427ae41e4649b934ca495991b7852b855.css?body=1" for 127.0.0.1 at 2015-09-10 12:39:16 +0800


Started GET "/assets/index.self-e3b0c44298fc1c149afbf4c8996fb92427ae41e4649b934ca495991b7852b855.css?body=1" for 127.0.0.1 at 2015-09-10 12:39:16 +0800


Started GET "/assets/application.self-e80e8f2318043e8af94dddc2adad5a4f09739a8ebb323b3ab31cd71d45fd9113.css?body=1" for 127.0.0.1 at 2015-09-10 12:39:16 +0800


Started GET "/assets/jquery.self-a714331225dda820228db323939889f149aec0127aeb06255646b616ba1ca419.js?body=1" for 127.0.0.1 at 2015-09-10 12:39:16 +0800


Started GET "/assets/application.self-3b8dabdc891efe46b9a144b400ad69e37d7e5876bdc39dee783419a69d7ca819.js?body=1" for 127.0.0.1 at 2015-09-10 12:39:16 +0800


Started GET "/assets/jquery_ujs.self-d456baa54c1fa6be2ec3711f0a72ddf7a5b2f34a6b4f515f33767d6207b7d4b3.js?body=1" for 127.0.0.1 at 2015-09-10 12:39:16 +0800


Started GET "/assets/turbolinks.self-c37727e9bd6b2735da5c311aa83fead54ed0be6cc8bd9a65309e9c5abe2cbfff.js?body=1" for 127.0.0.1 at 2015-09-10 12:39:16 +0800


Started GET "/assets/index.self-877aef30ae1b040ab8a3aba4e3e309a11d7f2612f44dde450b5c157aa5f95c05.js?body=1" for 127.0.0.1 at 2015-09-10 12:39:16 +0800


Started GET "/assets/posts.self-877aef30ae1b040ab8a3aba4e3e309a11d7f2612f44dde450b5c157aa5f95c05.js?body=1" for 127.0.0.1 at 2015-09-10 12:39:16 +0800


Started GET "/posts/new" for 127.0.0.1 at 2015-09-10 12:40:53 +0800
Processing by PostsController#new as HTML
  Rendered posts/new.html.erb within layouts/application (0.7ms)
Completed 200 OK in 25ms (Views: 24.3ms | ActiveRecord: 0.0ms)


Started GET "/assets/index.self-e3b0c44298fc1c149afbf4c8996fb92427ae41e4649b934ca495991b7852b855.css?body=1" for 127.0.0.1 at 2015-09-10 12:40:54 +0800


Started GET "/assets/application.self-e80e8f2318043e8af94dddc2adad5a4f09739a8ebb323b3ab31cd71d45fd9113.css?body=1" for 127.0.0.1 at 2015-09-10 12:40:54 +0800


Started GET "/assets/jquery_ujs.self-d456baa54c1fa6be2ec3711f0a72ddf7a5b2f34a6b4f515f33767d6207b7d4b3.js?body=1" for 127.0.0.1 at 2015-09-10 12:40:54 +0800


Started GET "/assets/turbolinks.self-c37727e9bd6b2735da5c311aa83fead54ed0be6cc8bd9a65309e9c5abe2cbfff.js?body=1" for 127.0.0.1 at 2015-09-10 12:40:54 +0800


Started GET "/assets/jquery.self-a714331225dda820228db323939889f149aec0127aeb06255646b616ba1ca419.js?body=1" for 127.0.0.1 at 2015-09-10 12:40:54 +0800


Started GET "/assets/posts.self-e3b0c44298fc1c149afbf4c8996fb92427ae41e4649b934ca495991b7852b855.css?body=1" for 127.0.0.1 at 2015-09-10 12:40:54 +0800


Started GET "/assets/posts.self-877aef30ae1b040ab8a3aba4e3e309a11d7f2612f44dde450b5c157aa5f95c05.js?body=1" for 127.0.0.1 at 2015-09-10 12:40:54 +0800


Started GET "/assets/application.self-3b8dabdc891efe46b9a144b400ad69e37d7e5876bdc39dee783419a69d7ca819.js?body=1" for 127.0.0.1 at 2015-09-10 12:40:54 +0800


Started GET "/assets/index.self-877aef30ae1b040ab8a3aba4e3e309a11d7f2612f44dde450b5c157aa5f95c05.js?body=1" for 127.0.0.1 at 2015-09-10 12:40:54 +0800


Started POST "/posts" for 127.0.0.1 at 2015-09-10 12:40:56 +0800
Processing by PostsController#create as HTML
  Parameters: {"utf8"=>"✓", "authenticity_token"=>"O9H57EYUozFAKNlRMhPuYvCZeE2TIA3Ttl5Up6ERGjx1+mx8ILv936FDaQCVCrpb4QwEZ8LsdNZQCfJlNH2OGg==", "post"=>{"title"=>"233", "text"=>"2333"}, "commit"=>"Save Post"}
Completed 500 Internal Server Error in 2ms (ActiveRecord: 0.0ms)

ActionView::MissingTemplate (Missing template posts/create, application/create with {:locale=>[:en], :formats=>[:html], :variants=>[], :handlers=>[:erb, :builder, :raw, :ruby, :coffee, :jbuilder]}. Searched in:
  * "/home/kzk/MyPrograms/Website/gensokyo/app/views"
):
  actionview (4.2.4) lib/action_view/path_set.rb:46:in `find'
  actionview (4.2.4) lib/action_view/lookup_context.rb:121:in `find'
  actionview (4.2.4) lib/action_view/renderer/abstract_renderer.rb:18:in `find_template'
  actionview (4.2.4) lib/action_view/renderer/template_renderer.rb:40:in `determine_template'
  actionview (4.2.4) lib/action_view/renderer/template_renderer.rb:8:in `render'
  actionview (4.2.4) lib/action_view/renderer/renderer.rb:42:in `render_template'
  actionview (4.2.4) lib/action_view/renderer/renderer.rb:23:in `render'
  actionview (4.2.4) lib/action_view/rendering.rb:100:in `_render_template'
  actionpack (4.2.4) lib/action_controller/metal/streaming.rb:217:in `_render_template'
  actionview (4.2.4) lib/action_view/rendering.rb:83:in `render_to_body'
  actionpack (4.2.4) lib/action_controller/metal/rendering.rb:32:in `render_to_body'
  actionpack (4.2.4) lib/action_controller/metal/renderers.rb:37:in `render_to_body'
  actionpack (4.2.4) lib/abstract_controller/rendering.rb:25:in `render'
  actionpack (4.2.4) lib/action_controller/metal/rendering.rb:16:in `render'
  actionpack (4.2.4) lib/action_controller/metal/instrumentation.rb:44:in `block (2 levels) in render'
  activesupport (4.2.4) lib/active_support/core_ext/benchmark.rb:12:in `block in ms'
  /usr/lib/ruby/2.1.0/benchmark.rb:294:in `realtime'
  activesupport (4.2.4) lib/active_support/core_ext/benchmark.rb:12:in `ms'
  actionpack (4.2.4) lib/action_controller/metal/instrumentation.rb:44:in `block in render'
  actionpack (4.2.4) lib/action_controller/metal/instrumentation.rb:87:in `cleanup_view_runtime'
  activerecord (4.2.4) lib/active_record/railties/controller_runtime.rb:25:in `cleanup_view_runtime'
  actionpack (4.2.4) lib/action_controller/metal/instrumentation.rb:43:in `render'
  actionpack (4.2.4) lib/action_controller/metal/implicit_render.rb:10:in `default_render'
  actionpack (4.2.4) lib/action_controller/metal/implicit_render.rb:5:in `send_action'
  actionpack (4.2.4) lib/abstract_controller/base.rb:198:in `process_action'
  actionpack (4.2.4) lib/action_controller/metal/rendering.rb:10:in `process_action'
  actionpack (4.2.4) lib/abstract_controller/callbacks.rb:20:in `block in process_action'
  activesupport (4.2.4) lib/active_support/callbacks.rb:117:in `call'
  activesupport (4.2.4) lib/active_support/callbacks.rb:117:in `call'
  activesupport (4.2.4) lib/active_support/callbacks.rb:555:in `block (2 levels) in compile'
  activesupport (4.2.4) lib/active_support/callbacks.rb:505:in `call'
  activesupport (4.2.4) lib/active_support/callbacks.rb:505:in `call'
  activesupport (4.2.4) lib/active_support/callbacks.rb:92:in `__run_callbacks__'
  activesupport (4.2.4) lib/active_support/callbacks.rb:778:in `_run_process_action_callbacks'
  activesupport (4.2.4) lib/active_support/callbacks.rb:81:in `run_callbacks'
  actionpack (4.2.4) lib/abstract_controller/callbacks.rb:19:in `process_action'
  actionpack (4.2.4) lib/action_controller/metal/rescue.rb:29:in `process_action'
  actionpack (4.2.4) lib/action_controller/metal/instrumentation.rb:32:in `block in process_action'
  activesupport (4.2.4) lib/active_support/notifications.rb:164:in `block in instrument'
  activesupport (4.2.4) lib/active_support/notifications/instrumenter.rb:20:in `instrument'
  activesupport (4.2.4) lib/active_support/notifications.rb:164:in `instrument'
  actionpack (4.2.4) lib/action_controller/metal/instrumentation.rb:30:in `process_action'
  actionpack (4.2.4) lib/action_controller/metal/params_wrapper.rb:250:in `process_action'
  activerecord (4.2.4) lib/active_record/railties/controller_runtime.rb:18:in `process_action'
  actionpack (4.2.4) lib/abstract_controller/base.rb:137:in `process'
  actionview (4.2.4) lib/action_view/rendering.rb:30:in `process'
  actionpack (4.2.4) lib/action_controller/metal.rb:196:in `dispatch'
  actionpack (4.2.4) lib/action_controller/metal/rack_delegation.rb:13:in `dispatch'
  actionpack (4.2.4) lib/action_controller/metal.rb:237:in `block in action'
  actionpack (4.2.4) lib/action_dispatch/routing/route_set.rb:76:in `call'
  actionpack (4.2.4) lib/action_dispatch/routing/route_set.rb:76:in `dispatch'
  actionpack (4.2.4) lib/action_dispatch/routing/route_set.rb:45:in `serve'
  actionpack (4.2.4) lib/action_dispatch/journey/router.rb:43:in `block in serve'
  actionpack (4.2.4) lib/action_dispatch/journey/router.rb:30:in `each'
  actionpack (4.2.4) lib/action_dispatch/journey/router.rb:30:in `serve'
  actionpack (4.2.4) lib/action_dispatch/routing/route_set.rb:821:in `call'
  rack (1.6.4) lib/rack/etag.rb:24:in `call'
  rack (1.6.4) lib/rack/conditionalget.rb:38:in `call'
  rack (1.6.4) lib/rack/head.rb:13:in `call'
  actionpack (4.2.4) lib/action_dispatch/middleware/params_parser.rb:27:in `call'
  actionpack (4.2.4) lib/action_dispatch/middleware/flash.rb:260:in `call'
  rack (1.6.4) lib/rack/session/abstract/id.rb:225:in `context'
  rack (1.6.4) lib/rack/session/abstract/id.rb:220:in `call'
  actionpack (4.2.4) lib/action_dispatch/middleware/cookies.rb:560:in `call'
  activerecord (4.2.4) lib/active_record/query_cache.rb:36:in `call'
  activerecord (4.2.4) lib/active_record/connection_adapters/abstract/connection_pool.rb:653:in `call'
  activerecord (4.2.4) lib/active_record/migration.rb:377:in `call'
  actionpack (4.2.4) lib/action_dispatch/middleware/callbacks.rb:29:in `block in call'
  activesupport (4.2.4) lib/active_support/callbacks.rb:88:in `__run_callbacks__'
  activesupport (4.2.4) lib/active_support/callbacks.rb:778:in `_run_call_callbacks'
  activesupport (4.2.4) lib/active_support/callbacks.rb:81:in `run_callbacks'
  actionpack (4.2.4) lib/action_dispatch/middleware/callbacks.rb:27:in `call'
  actionpack (4.2.4) lib/action_dispatch/middleware/reloader.rb:73:in `call'
  actionpack (4.2.4) lib/action_dispatch/middleware/remote_ip.rb:78:in `call'
  actionpack (4.2.4) lib/action_dispatch/middleware/debug_exceptions.rb:17:in `call'
  web-console (2.2.1) lib/web_console/middleware.rb:39:in `call'
  actionpack (4.2.4) lib/action_dispatch/middleware/show_exceptions.rb:30:in `call'
  railties (4.2.4) lib/rails/rack/logger.rb:38:in `call_app'
  railties (4.2.4) lib/rails/rack/logger.rb:20:in `block in call'
  activesupport (4.2.4) lib/active_support/tagged_logging.rb:68:in `block in tagged'
  activesupport (4.2.4) lib/active_support/tagged_logging.rb:26:in `tagged'
  activesupport (4.2.4) lib/active_support/tagged_logging.rb:68:in `tagged'
  railties (4.2.4) lib/rails/rack/logger.rb:20:in `call'
  actionpack (4.2.4) lib/action_dispatch/middleware/request_id.rb:21:in `call'
  rack (1.6.4) lib/rack/methodoverride.rb:22:in `call'
  rack (1.6.4) lib/rack/runtime.rb:18:in `call'
  activesupport (4.2.4) lib/active_support/cache/strategy/local_cache_middleware.rb:28:in `call'
  rack (1.6.4) lib/rack/lock.rb:17:in `call'
  actionpack (4.2.4) lib/action_dispatch/middleware/static.rb:116:in `call'
  rack (1.6.4) lib/rack/sendfile.rb:113:in `call'
  railties (4.2.4) lib/rails/engine.rb:518:in `call'
  railties (4.2.4) lib/rails/application.rb:165:in `call'
  rack (1.6.4) lib/rack/lock.rb:17:in `call'
  rack (1.6.4) lib/rack/content_length.rb:15:in `call'
  rack (1.6.4) lib/rack/handler/webrick.rb:88:in `service'
  /usr/lib/ruby/2.1.0/webrick/httpserver.rb:138:in `service'
  /usr/lib/ruby/2.1.0/webrick/httpserver.rb:94:in `run'
  /usr/lib/ruby/2.1.0/webrick/server.rb:295:in `block in start_thread'


  Rendered /var/lib/gems/2.1.0/gems/actionpack-4.2.4/lib/action_dispatch/middleware/templates/rescues/_source.erb (4.4ms)
  Rendered /var/lib/gems/2.1.0/gems/actionpack-4.2.4/lib/action_dispatch/middleware/templates/rescues/_trace.html.erb (1.9ms)
  Rendered /var/lib/gems/2.1.0/gems/actionpack-4.2.4/lib/action_dispatch/middleware/templates/rescues/_request_and_response.html.erb (0.9ms)
  Rendered /var/lib/gems/2.1.0/gems/actionpack-4.2.4/lib/action_dispatch/middleware/templates/rescues/missing_template.html.erb within rescues/layout (14.9ms)
  Rendered /var/lib/gems/2.1.0/gems/web-console-2.2.1/lib/web_console/templates/_markup.html.erb (0.4ms)
  Rendered /var/lib/gems/2.1.0/gems/web-console-2.2.1/lib/web_console/templates/_inner_console_markup.html.erb within layouts/inlined_string (0.2ms)
  Rendered /var/lib/gems/2.1.0/gems/web-console-2.2.1/lib/web_console/templates/_prompt_box_markup.html.erb within layouts/inlined_string (0.2ms)
  Rendered /var/lib/gems/2.1.0/gems/web-console-2.2.1/lib/web_console/templates/style.css.erb within layouts/inlined_string (0.2ms)
  Rendered /var/lib/gems/2.1.0/gems/web-console-2.2.1/lib/web_console/templates/console.js.erb within layouts/javascript (9.4ms)
  Rendered /var/lib/gems/2.1.0/gems/web-console-2.2.1/lib/web_console/templates/main.js.erb within layouts/javascript (0.3ms)
  Rendered /var/lib/gems/2.1.0/gems/web-console-2.2.1/lib/web_console/templates/error_page.js.erb within layouts/javascript (0.3ms)
  Rendered /var/lib/gems/2.1.0/gems/web-console-2.2.1/lib/web_console/templates/index.html.erb (21.6ms)


Started POST "/posts" for 127.0.0.1 at 2015-09-10 12:41:41 +0800
Processing by PostsController#create as HTML
  Parameters: {"utf8"=>"✓", "authenticity_token"=>"O9H57EYUozFAKNlRMhPuYvCZeE2TIA3Ttl5Up6ERGjx1+mx8ILv936FDaQCVCrpb4QwEZ8LsdNZQCfJlNH2OGg==", "post"=>{"title"=>"233", "text"=>"2333"}, "commit"=>"Save Post"}
  Rendered text template (0.0ms)
Completed 200 OK in 2ms (Views: 1.1ms | ActiveRecord: 0.0ms)
  [1m[36m (8.8ms)[0m  [1mCREATE TABLE "schema_migrations" ("version" varchar NOT NULL) [0m
  [1m[35m (0.1ms)[0m  select sqlite_version(*)
  [1m[36m (7.4ms)[0m  [1mCREATE UNIQUE INDEX "unique_schema_migrations" ON "schema_migrations" ("version")[0m
  [1m[35mActiveRecord::SchemaMigration Load (0.1ms)[0m  SELECT "schema_migrations".* FROM "schema_migrations"
Migrating to CreatePosts (20150910044234)
  [1m[36m (0.1ms)[0m  [1mbegin transaction[0m
  [1m[35m (0.3ms)[0m  CREATE TABLE "posts" ("id" INTEGER PRIMARY KEY AUTOINCREMENT NOT NULL, "title" varchar, "text" text, "created_at" datetime NOT NULL, "updated_at" datetime NOT NULL) 
  [1m[36mSQL (0.2ms)[0m  [1mINSERT INTO "schema_migrations" ("version") VALUES (?)[0m  [["version", "20150910044234"]]
  [1m[35m (6.3ms)[0m  commit transaction
  [1m[36mActiveRecord::SchemaMigration Load (0.1ms)[0m  [1mSELECT "schema_migrations".* FROM "schema_migrations"[0m


Started POST "/posts" for 127.0.0.1 at 2015-09-10 12:44:50 +0800
  [1m[36mActiveRecord::SchemaMigration Load (0.1ms)[0m  [1mSELECT "schema_migrations".* FROM "schema_migrations"[0m
Processing by PostsController#create as HTML
  Parameters: {"utf8"=>"✓", "authenticity_token"=>"O9H57EYUozFAKNlRMhPuYvCZeE2TIA3Ttl5Up6ERGjx1+mx8ILv936FDaQCVCrpb4QwEZ8LsdNZQCfJlNH2OGg==", "post"=>{"title"=>"233", "text"=>"2333"}, "commit"=>"Save Post"}
Completed 500 Internal Server Error in 5ms (ActiveRecord: 0.2ms)

ActiveModel::ForbiddenAttributesError (ActiveModel::ForbiddenAttributesError):
  app/controllers/posts_controller.rb:6:in `create'


  Rendered /var/lib/gems/2.1.0/gems/actionpack-4.2.4/lib/action_dispatch/middleware/templates/rescues/_source.erb (3.4ms)
  Rendered /var/lib/gems/2.1.0/gems/actionpack-4.2.4/lib/action_dispatch/middleware/templates/rescues/_trace.html.erb (1.4ms)
  Rendered /var/lib/gems/2.1.0/gems/actionpack-4.2.4/lib/action_dispatch/middleware/templates/rescues/_request_and_response.html.erb (0.7ms)
  Rendered /var/lib/gems/2.1.0/gems/actionpack-4.2.4/lib/action_dispatch/middleware/templates/rescues/diagnostics.html.erb within rescues/layout (13.2ms)
  Rendered /var/lib/gems/2.1.0/gems/web-console-2.2.1/lib/web_console/templates/_markup.html.erb (0.2ms)
  Rendered /var/lib/gems/2.1.0/gems/web-console-2.2.1/lib/web_console/templates/_inner_console_markup.html.erb within layouts/inlined_string (0.2ms)
  Rendered /var/lib/gems/2.1.0/gems/web-console-2.2.1/lib/web_console/templates/_prompt_box_markup.html.erb within layouts/inlined_string (0.2ms)
  Rendered /var/lib/gems/2.1.0/gems/web-console-2.2.1/lib/web_console/templates/style.css.erb within layouts/inlined_string (0.2ms)
  Rendered /var/lib/gems/2.1.0/gems/web-console-2.2.1/lib/web_console/templates/console.js.erb within layouts/javascript (9.3ms)
  Rendered /var/lib/gems/2.1.0/gems/web-console-2.2.1/lib/web_console/templates/main.js.erb within layouts/javascript (0.3ms)
  Rendered /var/lib/gems/2.1.0/gems/web-console-2.2.1/lib/web_console/templates/error_page.js.erb within layouts/javascript (0.6ms)
  Rendered /var/lib/gems/2.1.0/gems/web-console-2.2.1/lib/web_console/templates/index.html.erb (20.1ms)


Started POST "/posts" for 127.0.0.1 at 2015-09-10 12:46:41 +0800
Processing by PostsController#create as HTML
  Parameters: {"utf8"=>"✓", "authenticity_token"=>"O9H57EYUozFAKNlRMhPuYvCZeE2TIA3Ttl5Up6ERGjx1+mx8ILv936FDaQCVCrpb4QwEZ8LsdNZQCfJlNH2OGg==", "post"=>{"title"=>"233", "text"=>"2333"}, "commit"=>"Save Post"}
  [1m[35m (0.1ms)[0m  begin transaction
  [1m[36mSQL (0.6ms)[0m  [1mINSERT INTO "posts" ("title", "text", "created_at", "updated_at") VALUES (?, ?, ?, ?)[0m  [["title", "233"], ["text", "2333"], ["created_at", "2015-09-10 04:46:41.860498"], ["updated_at", "2015-09-10 04:46:41.860498"]]
  [1m[35m (9.7ms)[0m  commit transaction
Completed 500 Internal Server Error in 22ms (ActiveRecord: 10.7ms)

NoMethodError (undefined method `direct_to' for #<PostsController:0x007fbb8d221b18>):
  app/controllers/posts_controller.rb:8:in `create'


  Rendered /var/lib/gems/2.1.0/gems/actionpack-4.2.4/lib/action_dispatch/middleware/templates/rescues/_source.erb (3.5ms)
  Rendered /var/lib/gems/2.1.0/gems/actionpack-4.2.4/lib/action_dispatch/middleware/templates/rescues/_trace.html.erb (1.4ms)
  Rendered /var/lib/gems/2.1.0/gems/actionpack-4.2.4/lib/action_dispatch/middleware/templates/rescues/_request_and_response.html.erb (0.7ms)
  Rendered /var/lib/gems/2.1.0/gems/actionpack-4.2.4/lib/action_dispatch/middleware/templates/rescues/diagnostics.html.erb within rescues/layout (17.0ms)
  Rendered /var/lib/gems/2.1.0/gems/web-console-2.2.1/lib/web_console/templates/_markup.html.erb (0.4ms)
  Rendered /var/lib/gems/2.1.0/gems/web-console-2.2.1/lib/web_console/templates/_inner_console_markup.html.erb within layouts/inlined_string (0.2ms)
  Rendered /var/lib/gems/2.1.0/gems/web-console-2.2.1/lib/web_console/templates/_prompt_box_markup.html.erb within layouts/inlined_string (0.2ms)
  Rendered /var/lib/gems/2.1.0/gems/web-console-2.2.1/lib/web_console/templates/style.css.erb within layouts/inlined_string (0.3ms)
  Rendered /var/lib/gems/2.1.0/gems/web-console-2.2.1/lib/web_console/templates/console.js.erb within layouts/javascript (9.7ms)
  Rendered /var/lib/gems/2.1.0/gems/web-console-2.2.1/lib/web_console/templates/main.js.erb within layouts/javascript (0.2ms)
  Rendered /var/lib/gems/2.1.0/gems/web-console-2.2.1/lib/web_console/templates/error_page.js.erb within layouts/javascript (0.3ms)
  Rendered /var/lib/gems/2.1.0/gems/web-console-2.2.1/lib/web_console/templates/index.html.erb (62.6ms)


Started POST "/posts" for 127.0.0.1 at 2015-09-10 12:47:05 +0800
Processing by PostsController#create as HTML
  Parameters: {"utf8"=>"✓", "authenticity_token"=>"O9H57EYUozFAKNlRMhPuYvCZeE2TIA3Ttl5Up6ERGjx1+mx8ILv936FDaQCVCrpb4QwEZ8LsdNZQCfJlNH2OGg==", "post"=>{"title"=>"233", "text"=>"2333"}, "commit"=>"Save Post"}
  [1m[36m (0.0ms)[0m  [1mbegin transaction[0m
  [1m[35mSQL (0.3ms)[0m  INSERT INTO "posts" ("title", "text", "created_at", "updated_at") VALUES (?, ?, ?, ?)  [["title", "233"], ["text", "2333"], ["created_at", "2015-09-10 04:47:05.759304"], ["updated_at", "2015-09-10 04:47:05.759304"]]
  [1m[36m (7.4ms)[0m  [1mcommit transaction[0m
Redirected to http://localhost:3000/posts/2
Completed 302 Found in 15ms (ActiveRecord: 8.0ms)


Started GET "/posts/2" for 127.0.0.1 at 2015-09-10 12:47:05 +0800

AbstractController::ActionNotFound (The action 'show' could not be found for PostsController):
  actionpack (4.2.4) lib/abstract_controller/base.rb:132:in `process'
  actionview (4.2.4) lib/action_view/rendering.rb:30:in `process'
  actionpack (4.2.4) lib/action_controller/metal.rb:196:in `dispatch'
  actionpack (4.2.4) lib/action_controller/metal/rack_delegation.rb:13:in `dispatch'
  actionpack (4.2.4) lib/action_controller/metal.rb:237:in `block in action'
  actionpack (4.2.4) lib/action_dispatch/routing/route_set.rb:76:in `call'
  actionpack (4.2.4) lib/action_dispatch/routing/route_set.rb:76:in `dispatch'
  actionpack (4.2.4) lib/action_dispatch/routing/route_set.rb:45:in `serve'
  actionpack (4.2.4) lib/action_dispatch/journey/router.rb:43:in `block in serve'
  actionpack (4.2.4) lib/action_dispatch/journey/router.rb:30:in `each'
  actionpack (4.2.4) lib/action_dispatch/journey/router.rb:30:in `serve'
  actionpack (4.2.4) lib/action_dispatch/routing/route_set.rb:821:in `call'
  rack (1.6.4) lib/rack/etag.rb:24:in `call'
  rack (1.6.4) lib/rack/conditionalget.rb:25:in `call'
  rack (1.6.4) lib/rack/head.rb:13:in `call'
  actionpack (4.2.4) lib/action_dispatch/middleware/params_parser.rb:27:in `call'
  actionpack (4.2.4) lib/action_dispatch/middleware/flash.rb:260:in `call'
  rack (1.6.4) lib/rack/session/abstract/id.rb:225:in `context'
  rack (1.6.4) lib/rack/session/abstract/id.rb:220:in `call'
  actionpack (4.2.4) lib/action_dispatch/middleware/cookies.rb:560:in `call'
  activerecord (4.2.4) lib/active_record/query_cache.rb:36:in `call'
  activerecord (4.2.4) lib/active_record/connection_adapters/abstract/connection_pool.rb:653:in `call'
  activerecord (4.2.4) lib/active_record/migration.rb:377:in `call'
  actionpack (4.2.4) lib/action_dispatch/middleware/callbacks.rb:29:in `block in call'
  activesupport (4.2.4) lib/active_support/callbacks.rb:88:in `__run_callbacks__'
  activesupport (4.2.4) lib/active_support/callbacks.rb:778:in `_run_call_callbacks'
  activesupport (4.2.4) lib/active_support/callbacks.rb:81:in `run_callbacks'
  actionpack (4.2.4) lib/action_dispatch/middleware/callbacks.rb:27:in `call'
  actionpack (4.2.4) lib/action_dispatch/middleware/reloader.rb:73:in `call'
  actionpack (4.2.4) lib/action_dispatch/middleware/remote_ip.rb:78:in `call'
  actionpack (4.2.4) lib/action_dispatch/middleware/debug_exceptions.rb:17:in `call'
  web-console (2.2.1) lib/web_console/middleware.rb:39:in `call'
  actionpack (4.2.4) lib/action_dispatch/middleware/show_exceptions.rb:30:in `call'
  railties (4.2.4) lib/rails/rack/logger.rb:38:in `call_app'
  railties (4.2.4) lib/rails/rack/logger.rb:20:in `block in call'
  activesupport (4.2.4) lib/active_support/tagged_logging.rb:68:in `block in tagged'
  activesupport (4.2.4) lib/active_support/tagged_logging.rb:26:in `tagged'
  activesupport (4.2.4) lib/active_support/tagged_logging.rb:68:in `tagged'
  railties (4.2.4) lib/rails/rack/logger.rb:20:in `call'
  actionpack (4.2.4) lib/action_dispatch/middleware/request_id.rb:21:in `call'
  rack (1.6.4) lib/rack/methodoverride.rb:22:in `call'
  rack (1.6.4) lib/rack/runtime.rb:18:in `call'
  activesupport (4.2.4) lib/active_support/cache/strategy/local_cache_middleware.rb:28:in `call'
  rack (1.6.4) lib/rack/lock.rb:17:in `call'
  actionpack (4.2.4) lib/action_dispatch/middleware/static.rb:116:in `call'
  rack (1.6.4) lib/rack/sendfile.rb:113:in `call'
  railties (4.2.4) lib/rails/engine.rb:518:in `call'
  railties (4.2.4) lib/rails/application.rb:165:in `call'
  rack (1.6.4) lib/rack/lock.rb:17:in `call'
  rack (1.6.4) lib/rack/content_length.rb:15:in `call'
  rack (1.6.4) lib/rack/handler/webrick.rb:88:in `service'
  /usr/lib/ruby/2.1.0/webrick/httpserver.rb:138:in `service'
  /usr/lib/ruby/2.1.0/webrick/httpserver.rb:94:in `run'
  /usr/lib/ruby/2.1.0/webrick/server.rb:295:in `block in start_thread'


  Rendered /var/lib/gems/2.1.0/gems/actionpack-4.2.4/lib/action_dispatch/middleware/templates/rescues/unknown_action.html.erb within rescues/layout (0.8ms)
  Rendered /var/lib/gems/2.1.0/gems/web-console-2.2.1/lib/web_console/templates/_markup.html.erb (0.5ms)
  Rendered /var/lib/gems/2.1.0/gems/web-console-2.2.1/lib/web_console/templates/_inner_console_markup.html.erb within layouts/inlined_string (0.3ms)
  Rendered /var/lib/gems/2.1.0/gems/web-console-2.2.1/lib/web_console/templates/_prompt_box_markup.html.erb within layouts/inlined_string (0.4ms)
  Rendered /var/lib/gems/2.1.0/gems/web-console-2.2.1/lib/web_console/templates/style.css.erb within layouts/inlined_string (0.3ms)
  Rendered /var/lib/gems/2.1.0/gems/web-console-2.2.1/lib/web_console/templates/console.js.erb within layouts/javascript (11.4ms)
  Rendered /var/lib/gems/2.1.0/gems/web-console-2.2.1/lib/web_console/templates/main.js.erb within layouts/javascript (0.2ms)
  Rendered /var/lib/gems/2.1.0/gems/web-console-2.2.1/lib/web_console/templates/error_page.js.erb within layouts/javascript (0.3ms)
  Rendered /var/lib/gems/2.1.0/gems/web-console-2.2.1/lib/web_console/templates/index.html.erb (22.6ms)


Started GET "/posts/2" for 127.0.0.1 at 2015-09-10 12:49:50 +0800
Processing by PostsController#show as HTML
  Parameters: {"id"=>"2"}
  [1m[35mPost Load (0.2ms)[0m  SELECT  "posts".* FROM "posts" WHERE "posts"."id" = ? LIMIT 1  [["id", 2]]
  Rendered posts/show.html.erb within layouts/application (0.3ms)
Completed 200 OK in 36ms (Views: 25.8ms | ActiveRecord: 0.8ms)


Started GET "/assets/index.self-e3b0c44298fc1c149afbf4c8996fb92427ae41e4649b934ca495991b7852b855.css?body=1" for 127.0.0.1 at 2015-09-10 12:49:50 +0800


Started GET "/assets/posts.self-e3b0c44298fc1c149afbf4c8996fb92427ae41e4649b934ca495991b7852b855.css?body=1" for 127.0.0.1 at 2015-09-10 12:49:50 +0800


Started GET "/assets/application.self-e80e8f2318043e8af94dddc2adad5a4f09739a8ebb323b3ab31cd71d45fd9113.css?body=1" for 127.0.0.1 at 2015-09-10 12:49:50 +0800


Started GET "/assets/index.self-877aef30ae1b040ab8a3aba4e3e309a11d7f2612f44dde450b5c157aa5f95c05.js?body=1" for 127.0.0.1 at 2015-09-10 12:49:50 +0800


Started GET "/assets/jquery_ujs.self-d456baa54c1fa6be2ec3711f0a72ddf7a5b2f34a6b4f515f33767d6207b7d4b3.js?body=1" for 127.0.0.1 at 2015-09-10 12:49:50 +0800


Started GET "/assets/posts.self-877aef30ae1b040ab8a3aba4e3e309a11d7f2612f44dde450b5c157aa5f95c05.js?body=1" for 127.0.0.1 at 2015-09-10 12:49:50 +0800


Started GET "/assets/application.self-3b8dabdc891efe46b9a144b400ad69e37d7e5876bdc39dee783419a69d7ca819.js?body=1" for 127.0.0.1 at 2015-09-10 12:49:50 +0800


Started GET "/assets/jquery.self-a714331225dda820228db323939889f149aec0127aeb06255646b616ba1ca419.js?body=1" for 127.0.0.1 at 2015-09-10 12:49:50 +0800


Started GET "/assets/turbolinks.self-c37727e9bd6b2735da5c311aa83fead54ed0be6cc8bd9a65309e9c5abe2cbfff.js?body=1" for 127.0.0.1 at 2015-09-10 12:49:50 +0800


Started GET "/posts" for 127.0.0.1 at 2015-09-10 12:52:54 +0800
Processing by PostsController#index as HTML
  [1m[36mPost Load (0.2ms)[0m  [1mSELECT "posts".* FROM "posts"[0m
  Rendered posts/index.html.erb within layouts/application (3.5ms)
Completed 200 OK in 34ms (Views: 31.6ms | ActiveRecord: 0.4ms)


Started GET "/posts" for 127.0.0.1 at 2015-09-10 12:53:32 +0800
Processing by PostsController#index as HTML
  [1m[35mPost Load (0.1ms)[0m  SELECT "posts".* FROM "posts"
  Rendered posts/index.html.erb within layouts/application (0.9ms)
Completed 200 OK in 23ms (Views: 22.7ms | ActiveRecord: 0.1ms)


Started GET "/assets/index.self-e3b0c44298fc1c149afbf4c8996fb92427ae41e4649b934ca495991b7852b855.css?body=1" for 127.0.0.1 at 2015-09-10 12:53:33 +0800


Started GET "/assets/jquery_ujs.self-d456baa54c1fa6be2ec3711f0a72ddf7a5b2f34a6b4f515f33767d6207b7d4b3.js?body=1" for 127.0.0.1 at 2015-09-10 12:53:33 +0800


Started GET "/assets/posts.self-e3b0c44298fc1c149afbf4c8996fb92427ae41e4649b934ca495991b7852b855.css?body=1" for 127.0.0.1 at 2015-09-10 12:53:33 +0800


Started GET "/assets/turbolinks.self-c37727e9bd6b2735da5c311aa83fead54ed0be6cc8bd9a65309e9c5abe2cbfff.js?body=1" for 127.0.0.1 at 2015-09-10 12:53:33 +0800


Started GET "/assets/index.self-877aef30ae1b040ab8a3aba4e3e309a11d7f2612f44dde450b5c157aa5f95c05.js?body=1" for 127.0.0.1 at 2015-09-10 12:53:33 +0800


Started GET "/assets/application.self-e80e8f2318043e8af94dddc2adad5a4f09739a8ebb323b3ab31cd71d45fd9113.css?body=1" for 127.0.0.1 at 2015-09-10 12:53:33 +0800


Started GET "/assets/jquery.self-a714331225dda820228db323939889f149aec0127aeb06255646b616ba1ca419.js?body=1" for 127.0.0.1 at 2015-09-10 12:53:33 +0800


Started GET "/assets/posts.self-877aef30ae1b040ab8a3aba4e3e309a11d7f2612f44dde450b5c157aa5f95c05.js?body=1" for 127.0.0.1 at 2015-09-10 12:53:33 +0800


Started GET "/assets/application.self-3b8dabdc891efe46b9a144b400ad69e37d7e5876bdc39dee783419a69d7ca819.js?body=1" for 127.0.0.1 at 2015-09-10 12:53:33 +0800


Started GET "/posts" for 127.0.0.1 at 2015-09-10 12:53:56 +0800
Processing by PostsController#index as HTML
  [1m[36mPost Load (0.1ms)[0m  [1mSELECT "posts".* FROM "posts"[0m
  Rendered posts/index.html.erb within layouts/application (0.8ms)
Completed 200 OK in 23ms (Views: 22.8ms | ActiveRecord: 0.1ms)


Started GET "/assets/index.self-e3b0c44298fc1c149afbf4c8996fb92427ae41e4649b934ca495991b7852b855.css?body=1" for 127.0.0.1 at 2015-09-10 12:53:56 +0800


Started GET "/assets/posts.self-e3b0c44298fc1c149afbf4c8996fb92427ae41e4649b934ca495991b7852b855.css?body=1" for 127.0.0.1 at 2015-09-10 12:53:56 +0800


Started GET "/assets/jquery_ujs.self-d456baa54c1fa6be2ec3711f0a72ddf7a5b2f34a6b4f515f33767d6207b7d4b3.js?body=1" for 127.0.0.1 at 2015-09-10 12:53:56 +0800


Started GET "/assets/application.self-e80e8f2318043e8af94dddc2adad5a4f09739a8ebb323b3ab31cd71d45fd9113.css?body=1" for 127.0.0.1 at 2015-09-10 12:53:56 +0800


Started GET "/assets/turbolinks.self-c37727e9bd6b2735da5c311aa83fead54ed0be6cc8bd9a65309e9c5abe2cbfff.js?body=1" for 127.0.0.1 at 2015-09-10 12:53:56 +0800


Started GET "/assets/jquery.self-a714331225dda820228db323939889f149aec0127aeb06255646b616ba1ca419.js?body=1" for 127.0.0.1 at 2015-09-10 12:53:56 +0800


Started GET "/assets/index.self-877aef30ae1b040ab8a3aba4e3e309a11d7f2612f44dde450b5c157aa5f95c05.js?body=1" for 127.0.0.1 at 2015-09-10 12:53:56 +0800


Started GET "/assets/posts.self-877aef30ae1b040ab8a3aba4e3e309a11d7f2612f44dde450b5c157aa5f95c05.js?body=1" for 127.0.0.1 at 2015-09-10 12:53:56 +0800


Started GET "/assets/application.self-3b8dabdc891efe46b9a144b400ad69e37d7e5876bdc39dee783419a69d7ca819.js?body=1" for 127.0.0.1 at 2015-09-10 12:53:56 +0800


Started GET "/posts" for 127.0.0.1 at 2015-09-10 12:54:16 +0800
Processing by PostsController#index as HTML
  [1m[35mPost Load (0.1ms)[0m  SELECT "posts".* FROM "posts"
  Rendered posts/index.html.erb within layouts/application (0.8ms)
Completed 200 OK in 22ms (Views: 21.9ms | ActiveRecord: 0.1ms)


Started GET "/assets/application.self-e80e8f2318043e8af94dddc2adad5a4f09739a8ebb323b3ab31cd71d45fd9113.css?body=1" for 127.0.0.1 at 2015-09-10 12:54:16 +0800


Started GET "/assets/posts.self-e3b0c44298fc1c149afbf4c8996fb92427ae41e4649b934ca495991b7852b855.css?body=1" for 127.0.0.1 at 2015-09-10 12:54:16 +0800


Started GET "/assets/jquery.self-a714331225dda820228db323939889f149aec0127aeb06255646b616ba1ca419.js?body=1" for 127.0.0.1 at 2015-09-10 12:54:16 +0800


Started GET "/assets/jquery_ujs.self-d456baa54c1fa6be2ec3711f0a72ddf7a5b2f34a6b4f515f33767d6207b7d4b3.js?body=1" for 127.0.0.1 at 2015-09-10 12:54:16 +0800


Started GET "/assets/turbolinks.self-c37727e9bd6b2735da5c311aa83fead54ed0be6cc8bd9a65309e9c5abe2cbfff.js?body=1" for 127.0.0.1 at 2015-09-10 12:54:16 +0800


Started GET "/assets/index.self-e3b0c44298fc1c149afbf4c8996fb92427ae41e4649b934ca495991b7852b855.css?body=1" for 127.0.0.1 at 2015-09-10 12:54:16 +0800


Started GET "/assets/index.self-877aef30ae1b040ab8a3aba4e3e309a11d7f2612f44dde450b5c157aa5f95c05.js?body=1" for 127.0.0.1 at 2015-09-10 12:54:16 +0800


Started GET "/assets/posts.self-877aef30ae1b040ab8a3aba4e3e309a11d7f2612f44dde450b5c157aa5f95c05.js?body=1" for 127.0.0.1 at 2015-09-10 12:54:16 +0800


Started GET "/assets/application.self-3b8dabdc891efe46b9a144b400ad69e37d7e5876bdc39dee783419a69d7ca819.js?body=1" for 127.0.0.1 at 2015-09-10 12:54:16 +0800


Started GET "/posts" for 127.0.0.1 at 2015-09-10 12:54:17 +0800
Processing by PostsController#index as HTML
  [1m[36mPost Load (0.1ms)[0m  [1mSELECT "posts".* FROM "posts"[0m
  Rendered posts/index.html.erb within layouts/application (0.5ms)
Completed 200 OK in 24ms (Views: 23.8ms | ActiveRecord: 0.1ms)


Started GET "/assets/index.self-e3b0c44298fc1c149afbf4c8996fb92427ae41e4649b934ca495991b7852b855.css?body=1" for 127.0.0.1 at 2015-09-10 12:54:18 +0800


Started GET "/assets/posts.self-e3b0c44298fc1c149afbf4c8996fb92427ae41e4649b934ca495991b7852b855.css?body=1" for 127.0.0.1 at 2015-09-10 12:54:18 +0800


Started GET "/assets/application.self-e80e8f2318043e8af94dddc2adad5a4f09739a8ebb323b3ab31cd71d45fd9113.css?body=1" for 127.0.0.1 at 2015-09-10 12:54:18 +0800


Started GET "/assets/jquery.self-a714331225dda820228db323939889f149aec0127aeb06255646b616ba1ca419.js?body=1" for 127.0.0.1 at 2015-09-10 12:54:18 +0800


Started GET "/assets/turbolinks.self-c37727e9bd6b2735da5c311aa83fead54ed0be6cc8bd9a65309e9c5abe2cbfff.js?body=1" for 127.0.0.1 at 2015-09-10 12:54:18 +0800


Started GET "/assets/jquery_ujs.self-d456baa54c1fa6be2ec3711f0a72ddf7a5b2f34a6b4f515f33767d6207b7d4b3.js?body=1" for 127.0.0.1 at 2015-09-10 12:54:18 +0800


Started GET "/assets/index.self-877aef30ae1b040ab8a3aba4e3e309a11d7f2612f44dde450b5c157aa5f95c05.js?body=1" for 127.0.0.1 at 2015-09-10 12:54:18 +0800


Started GET "/assets/posts.self-877aef30ae1b040ab8a3aba4e3e309a11d7f2612f44dde450b5c157aa5f95c05.js?body=1" for 127.0.0.1 at 2015-09-10 12:54:18 +0800


Started GET "/assets/application.self-3b8dabdc891efe46b9a144b400ad69e37d7e5876bdc39dee783419a69d7ca819.js?body=1" for 127.0.0.1 at 2015-09-10 12:54:18 +0800


Started GET "/posts" for 127.0.0.1 at 2015-09-10 12:55:27 +0800
Processing by PostsController#index as HTML
  [1m[35mPost Load (0.2ms)[0m  SELECT "posts".* FROM "posts"
  Rendered posts/index.html.erb within layouts/application (1.7ms)
Completed 200 OK in 42ms (Views: 41.8ms | ActiveRecord: 0.2ms)


Started GET "/assets/index.self-e3b0c44298fc1c149afbf4c8996fb92427ae41e4649b934ca495991b7852b855.css?body=1" for 127.0.0.1 at 2015-09-10 12:55:27 +0800


Started GET "/assets/posts.self-e3b0c44298fc1c149afbf4c8996fb92427ae41e4649b934ca495991b7852b855.css?body=1" for 127.0.0.1 at 2015-09-10 12:55:27 +0800


Started GET "/assets/application.self-e80e8f2318043e8af94dddc2adad5a4f09739a8ebb323b3ab31cd71d45fd9113.css?body=1" for 127.0.0.1 at 2015-09-10 12:55:27 +0800


Started GET "/assets/jquery.self-a714331225dda820228db323939889f149aec0127aeb06255646b616ba1ca419.js?body=1" for 127.0.0.1 at 2015-09-10 12:55:27 +0800


Started GET "/assets/index.self-877aef30ae1b040ab8a3aba4e3e309a11d7f2612f44dde450b5c157aa5f95c05.js?body=1" for 127.0.0.1 at 2015-09-10 12:55:27 +0800


Started GET "/assets/jquery_ujs.self-d456baa54c1fa6be2ec3711f0a72ddf7a5b2f34a6b4f515f33767d6207b7d4b3.js?body=1" for 127.0.0.1 at 2015-09-10 12:55:27 +0800


Started GET "/assets/turbolinks.self-c37727e9bd6b2735da5c311aa83fead54ed0be6cc8bd9a65309e9c5abe2cbfff.js?body=1" for 127.0.0.1 at 2015-09-10 12:55:27 +0800


Started GET "/assets/posts.self-877aef30ae1b040ab8a3aba4e3e309a11d7f2612f44dde450b5c157aa5f95c05.js?body=1" for 127.0.0.1 at 2015-09-10 12:55:27 +0800


Started GET "/assets/application.self-3b8dabdc891efe46b9a144b400ad69e37d7e5876bdc39dee783419a69d7ca819.js?body=1" for 127.0.0.1 at 2015-09-10 12:55:27 +0800


Started GET "/posts/new" for 127.0.0.1 at 2015-09-10 12:55:29 +0800
Processing by PostsController#new as HTML
  Rendered posts/new.html.erb within layouts/application (1.3ms)
Completed 200 OK in 24ms (Views: 24.0ms | ActiveRecord: 0.0ms)


Started GET "/posts" for 127.0.0.1 at 2015-09-10 12:59:46 +0800
  [1m[36mActiveRecord::SchemaMigration Load (0.1ms)[0m  [1mSELECT "schema_migrations".* FROM "schema_migrations"[0m
Processing by PostsController#index as HTML
  [1m[35mPost Load (0.1ms)[0m  SELECT "posts".* FROM "posts"
  Rendered posts/index.html.erb within layouts/application (5.6ms)
Completed 200 OK in 157ms (Views: 149.0ms | ActiveRecord: 0.4ms)


Started GET "/assets/index.self-e3b0c44298fc1c149afbf4c8996fb92427ae41e4649b934ca495991b7852b855.css?body=1" for 127.0.0.1 at 2015-09-10 12:59:47 +0800


Started GET "/assets/posts.self-e3b0c44298fc1c149afbf4c8996fb92427ae41e4649b934ca495991b7852b855.css?body=1" for 127.0.0.1 at 2015-09-10 12:59:47 +0800


Started GET "/assets/application.self-e80e8f2318043e8af94dddc2adad5a4f09739a8ebb323b3ab31cd71d45fd9113.css?body=1" for 127.0.0.1 at 2015-09-10 12:59:47 +0800


Started GET "/assets/jquery.self-a714331225dda820228db323939889f149aec0127aeb06255646b616ba1ca419.js?body=1" for 127.0.0.1 at 2015-09-10 12:59:47 +0800


Started GET "/assets/jquery_ujs.self-d456baa54c1fa6be2ec3711f0a72ddf7a5b2f34a6b4f515f33767d6207b7d4b3.js?body=1" for 127.0.0.1 at 2015-09-10 12:59:47 +0800


Started GET "/assets/index.self-877aef30ae1b040ab8a3aba4e3e309a11d7f2612f44dde450b5c157aa5f95c05.js?body=1" for 127.0.0.1 at 2015-09-10 12:59:47 +0800


Started GET "/assets/posts.self-877aef30ae1b040ab8a3aba4e3e309a11d7f2612f44dde450b5c157aa5f95c05.js?body=1" for 127.0.0.1 at 2015-09-10 12:59:47 +0800


Started GET "/assets/turbolinks.self-c37727e9bd6b2735da5c311aa83fead54ed0be6cc8bd9a65309e9c5abe2cbfff.js?body=1" for 127.0.0.1 at 2015-09-10 12:59:47 +0800


Started GET "/assets/application.self-3b8dabdc891efe46b9a144b400ad69e37d7e5876bdc39dee783419a69d7ca819.js?body=1" for 127.0.0.1 at 2015-09-10 12:59:47 +0800
